2023-04-03 03:23:07.791881 - Initialized conversion of CBT880
2023-04-03 03:23:09.546182 - Received CBT.V504.FILE880.PDS from FILE880.XMI 
2023-04-03 03:23:09.549022 - Found $$$#DATE.txt (text/plain) in CBT.V504.FILE880.PDS, moved to PDS/$$$#DATE
2023-04-03 03:23:09.550277 - Found $INTRO.txt (text/plain) in CBT.V504.FILE880.PDS, moved to PDS/$INTRO
2023-04-03 03:23:09.553267 - De-xmi-ed #DOCPDF to CBT880/docs/#DOCPDF.pdf
2023-04-03 03:23:09.554591 - Found @FILE880.txt (text/plain) in CBT.V504.FILE880.PDS, moved to PDS/@FILE880
2023-04-03 03:23:09.563765 - Found ADATA.xmi (application/xmit) in CBT.V504.FILE880.PDS
2023-04-03 03:23:09.568203   - Received to CBT880/CBTDSSN.ADATA
2023-04-03 03:23:09.713834 - Found ASM.xmi (application/xmit) in CBT.V504.FILE880.PDS
2023-04-03 03:23:09.735686   - Received to CBT880/CBTDSSN.ASM
2023-04-03 03:23:10.708972 - Found COMPLIST.xmi (application/xmit) in CBT.V504.FILE880.PDS
2023-04-03 03:23:10.751766   - Received to CBT880/CBTDSSN.COMPLIST
2023-04-03 03:23:11.369323 - Found CPP.xmi (application/xmit) in CBT.V504.FILE880.PDS
2023-04-03 03:23:11.407254   - Received to CBT880/CBTDSSN.CPP
2023-04-03 03:23:11.412477 - Found DBRMLIB.xmi (application/xmit) in CBT.V504.FILE880.PDS
2023-04-03 03:23:11.416439   - Received to CBT880/CBTDSSN.DBRMLIB
2023-04-03 03:23:11.417655 - Found DUMMY.txt (text/plain) in CBT.V504.FILE880.PDS, moved to PDS/DUMMY
2023-04-03 03:23:12.164393 - Found HPP.xmi (application/xmit) in CBT.V504.FILE880.PDS
2023-04-03 03:23:12.232706   - Received to CBT880/CBTDSSN.HPP
2023-04-03 03:23:12.249203 - Found JOBS.xmi (application/xmit) in CBT.V504.FILE880.PDS
2023-04-03 03:23:12.255079   - Received to CBT880/CBTDSSN.JOBS
2023-04-03 03:23:12.487578 - Found LOADLIB.xmi (application/xmit) in CBT.V504.FILE880.PDS
2023-04-03 03:23:12.502957   - Received RECFM=U data, stored XMIT file as CBT880/LOADLIB.xmi
2023-04-03 03:23:12.656305 - Found OBJECT.xmi (application/xmit) in CBT.V504.FILE880.PDS
2023-04-03 03:23:12.702967   - Received to CBT880/CBTDSSN.OBJECT
2023-04-03 03:23:12.823352 - Found PPONLY.xmi (application/xmit) in CBT.V504.FILE880.PDS
2023-04-03 03:23:12.830633   - Received to CBT880/CBTDSSN.PPONLY
2023-04-03 03:23:12.880721 - Found PROC.xmi (application/xmit) in CBT.V504.FILE880.PDS
2023-04-03 03:23:12.894385   - Received to CBT880/CBTDSSN.PROC
2023-04-03 03:23:12.895837 - Found QUICKSTR.jcl (text/plain) in CBT.V504.FILE880.PDS, moved to PDS/QUICKSTR
2023-04-03 03:23:12.985428 - Found SAMPLIB.xmi (application/xmit) in CBT.V504.FILE880.PDS
2023-04-03 03:23:13.007671   - Received to CBT880/CBTDSSN.SAMPLIB
